Der Buildvorgang wurde am 11.12.2014 18:38:47 gestartet.
     1>Projekt "C:\Users\base_system\Desktop\BKO-Informatik-Repos\CPP-Kurs\sfml\rewriteSFMLBOOK\v1\v1\v1.vcxproj" auf Knoten "2", Rebuild Ziel(e).
     1>ClCompile:
         C:\Program Files (x86)\Microsoft Visual Studio 12.0\VC\bin\CL.exe /c /I"C:\SFML\SFML-2.1\include" /ZI /nologo /W3 /WX- /sdl /Od /Oy- /D WIN32 /D _DEBUG /D _CONSOLE /D _LIB /D _UNICODE /D UNICODE /Gm /EHsc /RTC1 /MDd /GS /fp:precise /Zc:wchar_t /Zc:forScope /Fo"Debug\\" /Fd"Debug\vc120.pdb" /Gd /TP /analyze- /errorReport:prompt Aircraft.cpp Entity.cpp Game.cpp Main.cpp SceneNode.cpp SpriteNode.cpp World.cpp
         World.cpp
         SpriteNode.cpp
         SceneNode.cpp
         Main.cpp
         Game.cpp
         Entity.cpp
         Aircraft.cpp
         Code wird generiert...
       Link:
         C:\Program Files (x86)\Microsoft Visual Studio 12.0\VC\bin\link.exe /ERRORREPORT:PROMPT /OUT:"C:\Users\base_system\Desktop\BKO-Informatik-Repos\CPP-Kurs\sfml\rewriteSFMLBOOK\v1\Debug\v1.exe" /INCREMENTAL /NOLOGO /LIBPATH:"C:\SFML\SFML-2.1\Libs\Debug" "sfml-graphics-d.lib" "sfml-window-d.lib" "sfml-system-d.lib" kernel32.lib user32.lib gdi32.lib winspool.lib comdlg32.lib advapi32.lib shell32.lib ole32.lib oleaut32.lib uuid.lib odbc32.lib odbccp32.lib /MANIFEST /MANIFESTUAC:"level='asInvoker' uiAccess='false'" /manifest:embed /DEBUG /PDB:"C:\Users\base_system\Desktop\BKO-Informatik-Repos\CPP-Kurs\sfml\rewriteSFMLBOOK\v1\Debug\v1.pdb" /SUBSYSTEM:CONSOLE /TLBID:1 /DYNAMICBASE /NXCOMPAT /IMPLIB:"C:\Users\base_system\Desktop\BKO-Informatik-Repos\CPP-Kurs\sfml\rewriteSFMLBOOK\v1\Debug\v1.lib" /MACHINE:X86 Debug\Aircraft.obj
         Debug\Entity.obj
         Debug\Game.obj
         Debug\Main.obj
         Debug\SceneNode.obj
         Debug\SpriteNode.obj
         Debug\World.obj
         v1.vcxproj -> C:\Users\base_system\Desktop\BKO-Informatik-Repos\CPP-Kurs\sfml\rewriteSFMLBOOK\v1\Debug\v1.exe
     1>Die Erstellung des Projekts "C:\Users\base_system\Desktop\BKO-Informatik-Repos\CPP-Kurs\sfml\rewriteSFMLBOOK\v1\v1\v1.vcxproj" ist abgeschlossen, Rebuild Ziel(e).

Build erfolgreich.

Verstrichene Zeit 00:00:05.92
