Der Buildvorgang wurde am 11.12.2014 18:40:05 gestartet.
     1>Projekt "C:\Users\base_system\Desktop\BKO-Informatik-Repos\CPP-Kurs\sfml\rewriteSFMLBOOK\v1\v1\v1.vcxproj" auf Knoten "2", Build Ziel(e).
     1>ClCompile:
         C:\Program Files (x86)\Microsoft Visual Studio 12.0\VC\bin\CL.exe /c /I"C:\SFML\SFML-2.1\include" /Zi /nologo /W3 /WX- /sdl /O2 /Oi /Oy- /GL /D WIN32 /D NDEBUG /D _CONSOLE /D _LIB /D SFML_STATIC /D _UNICODE /D UNICODE /Gm- /EHsc /MT /GS /Gy /fp:precise /Zc:wchar_t /Zc:forScope /Fo"Release Static\\" /Fd"Release Static\vc120.pdb" /Gd /TP /analyze- /errorReport:prompt Aircraft.cpp Entity.cpp Game.cpp Main.cpp SceneNode.cpp SpriteNode.cpp World.cpp
         Aircraft.cpp
         Entity.cpp
         Game.cpp
         Main.cpp
         SceneNode.cpp
         SpriteNode.cpp
         World.cpp
       Link:
         C:\Program Files (x86)\Microsoft Visual Studio 12.0\VC\bin\link.exe /ERRORREPORT:PROMPT /OUT:"C:\Users\base_system\Desktop\BKO-Informatik-Repos\CPP-Kurs\sfml\rewriteSFMLBOOK\v1\Release Static\v1.exe" /INCREMENTAL:NO /NOLOGO /LIBPATH:"C:\SFML\SFML-2.1\extlibs\libs-msvc\x86" /LIBPATH:"C:\SFML\SFML-2.1\Staitc Libs\Release" "sfml-graphics-s.lib" "sfml-window-s.lib" "sfml-system-s.lib" kernel32.lib user32.lib gdi32.lib winspool.lib comdlg32.lib advapi32.lib shell32.lib ole32.lib oleaut32.lib uuid.lib odbc32.lib odbccp32.lib /MANIFEST /MANIFESTUAC:"level='asInvoker' uiAccess='false'" /manifest:embed /DEBUG /PDB:"C:\Users\base_system\Desktop\BKO-Informatik-Repos\CPP-Kurs\sfml\rewriteSFMLBOOK\v1\Release Static\v1.pdb" /SUBSYSTEM:CONSOLE /OPT:REF /OPT:ICF /LTCG /TLBID:1 /DYNAMICBASE /NXCOMPAT /IMPLIB:"C:\Users\base_system\Desktop\BKO-Informatik-Repos\CPP-Kurs\sfml\rewriteSFMLBOOK\v1\Release Static\v1.lib" /MACHINE:X86 /SAFESEH "Release Static\Aircraft.obj"
         "Release Static\Entity.obj"
         "Release Static\Game.obj"
         "Release Static\Main.obj"
         "Release Static\SceneNode.obj"
         "Release Static\SpriteNode.obj"
         "Release Static\World.obj"
         Code wird generiert.
         Codegenerierung ist abgeschlossen.
         v1.vcxproj -> C:\Users\base_system\Desktop\BKO-Informatik-Repos\CPP-Kurs\sfml\rewriteSFMLBOOK\v1\Release Static\v1.exe
     1>Die Erstellung des Projekts "C:\Users\base_system\Desktop\BKO-Informatik-Repos\CPP-Kurs\sfml\rewriteSFMLBOOK\v1\v1\v1.vcxproj" ist abgeschlossen, Build Ziel(e).

Build erfolgreich.

Verstrichene Zeit 00:00:06.28
